[20:18:25.503][CONSTRUCT][CLIENT][INFO] Starting building internal Registries
[20:18:25.769][CONSTRUCT][CLIENT][INFO] The following mods have explicit CraftTweaker support:
'crafttweaker' at version '7.1.0.125'
'immersiveengineering' at version '1.16.5-4.2.1-131'
'jeitweaker' at version '1.0.1.12'
[20:18:25.802][CONSTRUCT][CLIENT][DEBUG] Registering crafttweaker.api.event.entity.MCLivingEvent for native type 'net.minecraftforge.event.entity.living.LivingEvent'
[20:18:25.802][CONSTRUCT][CLIENT][DEBUG] Registering crafttweaker.api.event.entity.player.MCPlayerDestroyItemEvent for native type 'net.minecraftforge.event.entity.player.PlayerDestroyItemEvent'
[20:18:25.802][CONSTRUCT][CLIENT][DEBUG] Registering crafttweaker.api.event.entity.player.interact.MCRightClickItemEvent for native type 'net.minecraftforge.event.entity.player.PlayerInteractEvent.RightClickItem'
[20:18:25.802][CONSTRUCT][CLIENT][DEBUG] Registering crafttweaker.api.villager.MCVillagerProfession for native type 'net.minecraft.entity.merchant.villager.VillagerProfession'
[20:18:25.802][CONSTRUCT][CLIENT][DEBUG] Registering crafttweaker.api.event.entity.player.interact.MCPlayerInteractEvent for native type 'net.minecraftforge.event.entity.player.PlayerInteractEvent'
[20:18:25.802][CONSTRUCT][CLIENT][DEBUG] Registering crafttweaker.api.item.Ingredient for native type 'net.minecraft.item.crafting.Ingredient'
[20:18:25.802][CONSTRUCT][CLIENT][DEBUG] Registering crafttweaker.api.event.entity.MCEntityEvent for native type 'net.minecraftforge.event.entity.EntityEvent'
[20:18:25.802][CONSTRUCT][CLIENT][DEBUG] Registering crafttweaker.api.util.DirectionAxis for native type 'net.minecraft.util.Direction.Axis'
[20:18:25.802][CONSTRUCT][CLIENT][DEBUG] Registering crafttweaker.api.fluid.MCFluid for native type 'net.minecraft.fluid.Fluid'
[20:18:25.802][CONSTRUCT][CLIENT][DEBUG] Registering crafttweaker.api.event.entity.player.xp.MCXpChangeEvent for native type 'net.minecraftforge.event.entity.player.PlayerXpEvent.XpChange'
[20:18:25.802][CONSTRUCT][CLIENT][DEBUG] Registering crafttweaker.api.event.entity.player.MCPlayerRespawnEvent for native type 'net.minecraftforge.event.entity.player.PlayerEvent.PlayerRespawnEvent'
[20:18:25.802][CONSTRUCT][CLIENT][DEBUG] Registering crafttweaker.api.event.entity.player.MCItemFishedEvent for native type 'net.minecraftforge.event.entity.player.ItemFishedEvent'
[20:18:25.802][CONSTRUCT][CLIENT][DEBUG] Registering crafttweaker.api.event.entity.player.MCPlayerLoggedOutEvent for native type 'net.minecraftforge.event.entity.player.PlayerEvent.PlayerLoggedOutEvent'
[20:18:25.802][CONSTRUCT][CLIENT][DEBUG] Registering crafttweaker.api.potion.MCPotionEffectInstance for native type 'net.minecraft.potion.EffectInstance'
[20:18:25.802][CONSTRUCT][CLIENT][DEBUG] Registering crafttweaker.api.event.entity.player.MCPlayerEvent for native type 'net.minecraftforge.event.entity.player.PlayerEvent'
[20:18:25.803][CONSTRUCT][CLIENT][DEBUG] Registering crafttweaker.api.event.entity.player.MCItemSmeltedEvent for native type 'net.minecraftforge.event.entity.player.PlayerEvent.ItemSmeltedEvent'
[20:18:25.803][CONSTRUCT][CLIENT][DEBUG] Registering crafttweaker.api.item.MCItemDefinition for native type 'net.minecraft.item.Item'
[20:18:25.803][CONSTRUCT][CLIENT][DEBUG] Registering crafttweaker.api.enchantment.MCEnchantment for native type 'net.minecraft.enchantment.Enchantment'
[20:18:25.805][CONSTRUCT][CLIENT][DEBUG] Registering crafttweaker.api.util.DamageSource for native type 'net.minecraft.util.DamageSource'
[20:18:25.805][CONSTRUCT][CLIENT][DEBUG] Registering crafttweaker.api.item.ItemStack for native type 'net.minecraft.item.ItemStack'
[20:18:25.805][CONSTRUCT][CLIENT][DEBUG] Registering crafttweaker.api.event.entity.player.MCAdvancementEvent for native type 'net.minecraftforge.event.entity.player.AdvancementEvent'
[20:18:25.805][CONSTRUCT][CLIENT][DEBUG] Registering crafttweaker.api.world.MCWorld for native type 'net.minecraft.world.World'
[20:18:25.805][CONSTRUCT][CLIENT][DEBUG] Registering crafttweaker.api.blocks.MCBlockState for native type 'net.minecraft.block.BlockState'
[20:18:25.806][CONSTRUCT][CLIENT][DEBUG] Registering crafttweaker.api.event.tick.MCTickEvent for native type 'net.minecraftforge.event.TickEvent'
[20:18:25.806][CONSTRUCT][CLIENT][DEBUG] Registering crafttweaker.api.blocks.MCBlock for native type 'net.minecraft.block.Block'
[20:18:25.806][CONSTRUCT][CLIENT][DEBUG] Registering crafttweaker.api.event.entity.player.xp.MCLevelChangeEvent for native type 'net.minecraftforge.event.entity.player.PlayerXpEvent.LevelChange'
[20:18:25.806][CONSTRUCT][CLIENT][DEBUG] Registering crafttweaker.api.event.entity.player.interact.MCRightClickEmptyEvent for native type 'net.minecraftforge.event.entity.player.PlayerInteractEvent.RightClickEmpty'
[20:18:25.806][CONSTRUCT][CLIENT][DEBUG] Registering crafttweaker.api.entity.MCEntityClassification for native type 'net.minecraft.entity.EntityClassification'
[20:18:25.806][CONSTRUCT][CLIENT][DEBUG] Registering crafttweaker.api.util.MCResourceLocation for native type 'net.minecraft.util.ResourceLocation'
[20:18:25.806][CONSTRUCT][CLIENT][DEBUG] Registering crafttweaker.api.event.entity.player.MCAnvilRepairEvent for native type 'net.minecraftforge.event.entity.player.AnvilRepairEvent'
[20:18:25.806][CONSTRUCT][CLIENT][DEBUG] Registering crafttweaker.api.player.MCPlayerEntity for native type 'net.minecraft.entity.player.PlayerEntity'
[20:18:25.806][CONSTRUCT][CLIENT][DEBUG] Registering crafttweaker.api.util.BlockPos for native type 'net.minecraft.util.math.BlockPos'
[20:18:25.806][CONSTRUCT][CLIENT][DEBUG] Registering crafttweaker.api.potion.MCPotionEffect for native type 'net.minecraft.potion.Effect'
[20:18:25.806][CONSTRUCT][CLIENT][DEBUG] Registering crafttweaker.api.block.material.MCMaterial for native type 'net.minecraft.block.material.Material'
[20:18:25.807][CONSTRUCT][CLIENT][DEBUG] Registering crafttweaker.api.event.tick.MCPlayerTickEvent for native type 'net.minecraftforge.event.TickEvent.PlayerTickEvent'
[20:18:25.807][CONSTRUCT][CLIENT][DEBUG] Registering crafttweaker.api.event.entity.living.MCLivingHealEvent for native type 'net.minecraftforge.event.entity.living.LivingHealEvent'
[20:18:25.807][CONSTRUCT][CLIENT][DEBUG] Registering crafttweaker.api.event.entity.living.MCLivingHurtEvent for native type 'net.minecraftforge.event.entity.living.LivingHurtEvent'
[20:18:25.807][CONSTRUCT][CLIENT][DEBUG] Registering crafttweaker.api.event.entity.player.interact.MCRightClickBlockEvent for native type 'net.minecraftforge.event.entity.player.PlayerInteractEvent.RightClickBlock'
[20:18:25.807][CONSTRUCT][CLIENT][DEBUG] Registering crafttweaker.api.potion.MCPotion for native type 'net.minecraft.potion.Potion'
[20:18:25.807][CONSTRUCT][CLIENT][DEBUG] Registering crafttweaker.api.event.player.MCItemCraftedEvent for native type 'net.minecraftforge.event.entity.player.PlayerEvent.ItemCraftedEvent'
[20:18:25.807][CONSTRUCT][CLIENT][DEBUG] Registering crafttweaker.api.event.entity.player.MCPlayerLoggedInEvent for native type 'net.minecraftforge.event.entity.player.PlayerEvent.PlayerLoggedInEvent'
[20:18:25.807][CONSTRUCT][CLIENT][DEBUG] Registering crafttweaker.api.block.material.MCMaterialColor for native type 'net.minecraft.block.material.MaterialColor'
[20:18:25.807][CONSTRUCT][CLIENT][DEBUG] Registering crafttweaker.api.entity.MCLivingEntity for native type 'net.minecraft.entity.LivingEntity'
[20:18:25.807][CONSTRUCT][CLIENT][DEBUG] Registering crafttweaker.api.event.entity.player.MCItemPickupEvent for native type 'net.minecraftforge.event.entity.player.PlayerEvent.ItemPickupEvent'
[20:18:25.807][CONSTRUCT][CLIENT][DEBUG] Registering crafttweaker.api.entity.MCEntity for native type 'net.minecraft.entity.Entity'
[20:18:25.807][CONSTRUCT][CLIENT][DEBUG] Registering crafttweaker.api.world.MCServerWorld for native type 'net.minecraft.world.server.ServerWorld'
[20:18:25.807][CONSTRUCT][CLIENT][DEBUG] Registering crafttweaker.api.event.MCEvent for native type 'net.minecraftforge.eventbus.api.Event'
[20:18:25.807][CONSTRUCT][CLIENT][DEBUG] Registering crafttweaker.api.event.entity.living.MCLivingDeathEvent for native type 'net.minecraftforge.event.entity.living.LivingDeathEvent'
[20:18:25.808][CONSTRUCT][CLIENT][DEBUG] Registering crafttweaker.api.world.MCBiome for native type 'net.minecraft.world.biome.Biome'
[20:18:25.809][CONSTRUCT][CLIENT][DEBUG] Registering mods.immersiveengineering.Squeezer
[20:18:25.814][CONSTRUCT][CLIENT][DEBUG] Registering mods.immersiveengineering.Sawmill
[20:18:25.815][CONSTRUCT][CLIENT][DEBUG] Registering mods.immersiveengineering.Refinery
[20:18:25.815][CONSTRUCT][CLIENT][DEBUG] Registering mods.immersiveengineering.Mixer
[20:18:25.816][CONSTRUCT][CLIENT][DEBUG] Registering mods.immersiveengineering.MineralMix
[20:18:25.817][CONSTRUCT][CLIENT][DEBUG] Registering mods.immersiveengineering.MetalPress
[20:18:25.817][CONSTRUCT][CLIENT][DEBUG] Registering mods.immersiveengineering.Fermenter
[20:18:25.817][CONSTRUCT][CLIENT][DEBUG] Registering mods.immersiveengineering.Crusher
[20:18:25.818][CONSTRUCT][CLIENT][DEBUG] Registering mods.immersiveengineering.CokeOven
[20:18:25.818][CONSTRUCT][CLIENT][DEBUG] Registering mods.immersiveengineering.Cloche
[20:18:25.818][CONSTRUCT][CLIENT][DEBUG] Registering mods.immersiveengineering.Fertilizer
[20:18:25.819][CONSTRUCT][CLIENT][DEBUG] Registering mods.immersiveengineering.BottlingMachine
[20:18:25.821][CONSTRUCT][CLIENT][DEBUG] Registering mods.immersiveengineering.Blueprint
[20:18:25.822][CONSTRUCT][CLIENT][DEBUG] Registering mods.immersiveengineering.BlastFurnace
[20:18:25.822][CONSTRUCT][CLIENT][DEBUG] Registering mods.immersiveengineering.BlastFurnaceFuel
[20:18:25.823][CONSTRUCT][CLIENT][DEBUG] Registering mods.immersiveengineering.ArcFurnace
[20:18:25.823][CONSTRUCT][CLIENT][DEBUG] Registering mods.immersiveengineering.AlloySmelter
[20:18:25.823][CONSTRUCT][CLIENT][DEBUG] Registering mods.jei.JEI
[20:18:25.825][CONSTRUCT][CLIENT][DEBUG] Registering crafttweaker.api.ILogger
[20:18:25.827][CONSTRUCT][CLIENT][DEBUG] Registering crafttweaker.api.brackets.CommandStringDisplayable
[20:18:25.829][CONSTRUCT][CLIENT][DEBUG] Registering crafttweaker.api.recipe.RecipeFunctionMatrix
[20:18:25.830][CONSTRUCT][CLIENT][DEBUG] Registering crafttweaker.api.recipe.RecipeFunctionSingle
[20:18:25.830][CONSTRUCT][CLIENT][DEBUG] Registering crafttweaker.api.recipe.RecipeFunctionArray
[20:18:25.830][CONSTRUCT][CLIENT][DEBUG] Registering crafttweaker.api.registries.IRecipeManager
[20:18:25.830][CONSTRUCT][CLIENT][DEBUG] Registering crafttweaker.api.recipe.RecipeFilter
[20:18:25.830][CONSTRUCT][CLIENT][DEBUG] Registering crafttweaker.api.registries.ICookingRecipeManager
[20:18:25.830][CONSTRUCT][CLIENT][DEBUG] Registering crafttweaker.api.data.IData
[20:18:25.831][CONSTRUCT][CLIENT][DEBUG] Registering crafttweaker.api.data.ICollectionData
[20:18:25.832][CONSTRUCT][CLIENT][DEBUG] Registering crafttweaker.api.data.INumberData
[20:18:25.833][CONSTRUCT][CLIENT][DEBUG] Registering crafttweaker.api.fluid.IFluidStack
[20:18:25.836][CONSTRUCT][CLIENT][DEBUG] Registering crafttweaker.api.mods.ModInfo
[20:18:25.837][CONSTRUCT][CLIENT][DEBUG] Registering crafttweaker.api.mods.Mods
[20:18:25.837][CONSTRUCT][CLIENT][DEBUG] Registering crafttweaker.api.Globals
[20:18:25.844][CONSTRUCT][CLIENT][DEBUG] Registering crafttweaker.api.CraftTweakerAPI
[20:18:25.845][CONSTRUCT][CLIENT][DEBUG] Registering crafttweaker.api.item.IIngredientTransformer
[20:18:25.845][CONSTRUCT][CLIENT][DEBUG] Registering crafttweaker.api.item.tooltip.ITooltipFunction
[20:18:25.846][CONSTRUCT][CLIENT][DEBUG] Registering crafttweaker.api.item.IIngredient
[20:18:25.846][CONSTRUCT][CLIENT][DEBUG] Registering crafttweaker.api.item.IItemStack
[20:18:25.848][CONSTRUCT][CLIENT][DEBUG] Registering crafttweaker.api.item.IIngredientWithAmount
[20:18:25.849][CONSTRUCT][CLIENT][DEBUG] Registering crafttweaker.api.item.IIngredientCondition
[20:18:25.866][CONSTRUCT][CLIENT][DEBUG] Registering crafttweaker.api.events.CTEventManager
[20:18:25.866][CONSTRUCT][CLIENT][DEBUG] Registering crafttweaker.api.entity.MCEntityType
[20:18:25.867][CONSTRUCT][CLIENT][DEBUG] Registering crafttweaker.api.util.Direction
[20:18:25.869][CONSTRUCT][CLIENT][DEBUG] Registering crafttweaker.api.util.text.MCStyle
[20:18:25.869][CONSTRUCT][CLIENT][DEBUG] Registering crafttweaker.api.util.text.MCTextComponent
[20:18:25.870][CONSTRUCT][CLIENT][DEBUG] Registering crafttweaker.api.text.TextFormatting
[20:18:25.881][CONSTRUCT][CLIENT][DEBUG] Registering crafttweaker.api.recipes.WrapperRecipe
[20:18:25.888][CONSTRUCT][CLIENT][DEBUG] Registering crafttweaker.api.RecipeTypeBracketHandler
[20:18:25.889][CONSTRUCT][CLIENT][DEBUG] Registering crafttweaker.api.BracketHandlers
[20:18:25.891][CONSTRUCT][CLIENT][DEBUG] Registering crafttweaker.api.BracketDumpers
[20:18:25.893][CONSTRUCT][CLIENT][DEBUG] Registering crafttweaker.api.BracketValidators
[20:18:25.894][CONSTRUCT][CLIENT][DEBUG] Registering crafttweaker.api.CraftingTableManager
[20:18:25.894][CONSTRUCT][CLIENT][DEBUG] Registering crafttweaker.api.FurnaceManager
[20:18:25.895][CONSTRUCT][CLIENT][DEBUG] Registering crafttweaker.api.SmithingManager
[20:18:25.895][CONSTRUCT][CLIENT][DEBUG] Registering crafttweaker.api.StoneCutterManager
[20:18:25.895][CONSTRUCT][CLIENT][DEBUG] Registering crafttweaker.api.SmokerManager
[20:18:25.895][CONSTRUCT][CLIENT][DEBUG] Registering crafttweaker.api.BlastFurnaceManager
[20:18:25.896][CONSTRUCT][CLIENT][DEBUG] Registering crafttweaker.api.CampFireManager
[20:18:25.898][CONSTRUCT][CLIENT][DEBUG] Registering crafttweaker.api.villagers.VillagerTrades
[20:18:25.898][CONSTRUCT][CLIENT][DEBUG] Registering crafttweaker.api.Composter
[20:18:25.898][CONSTRUCT][CLIENT][DEBUG] Registering crafttweaker.api.data.IntData
[20:18:25.899][CONSTRUCT][CLIENT][DEBUG] Registering crafttweaker.api.data.ByteArrayData
[20:18:25.899][CONSTRUCT][CLIENT][DEBUG] Registering crafttweaker.api.data.BoolData
[20:18:25.899][CONSTRUCT][CLIENT][DEBUG] Registering crafttweaker.api.data.StringData
[20:18:25.899][CONSTRUCT][CLIENT][DEBUG] Registering crafttweaker.api.data.LongArrayData
[20:18:25.901][CONSTRUCT][CLIENT][DEBUG] Registering crafttweaker.api.data.ByteData
[20:18:25.902][CONSTRUCT][CLIENT][DEBUG] Registering crafttweaker.api.data.DoubleData
[20:18:25.903][CONSTRUCT][CLIENT][DEBUG] Registering crafttweaker.api.data.FloatData
[20:18:25.904][CONSTRUCT][CLIENT][DEBUG] Registering crafttweaker.api.data.ListData
[20:18:25.905][CONSTRUCT][CLIENT][DEBUG] Registering crafttweaker.api.data.ShortData
[20:18:25.905][CONSTRUCT][CLIENT][DEBUG] Registering crafttweaker.api.data.IntArrayData
[20:18:25.906][CONSTRUCT][CLIENT][DEBUG] Registering crafttweaker.api.data.MapData
[20:18:25.911][CONSTRUCT][CLIENT][DEBUG] Registering crafttweaker.api.data.LongData
[20:18:25.912][CONSTRUCT][CLIENT][DEBUG] Registering crafttweaker.api.tag.MCTagWithAmount
[20:18:25.912][CONSTRUCT][CLIENT][DEBUG] Registering crafttweaker.api.tag.MCTag
[20:18:25.915][CONSTRUCT][CLIENT][DEBUG] Registering crafttweaker.api.tags.CrTTagRegistryData
[20:18:25.915][CONSTRUCT][CLIENT][DEBUG] Registering crafttweaker.api.tag.TagManager
[20:18:25.918][CONSTRUCT][CLIENT][DEBUG] Registering crafttweaker.api.tag.TagManagerBlock
[20:18:25.921][CONSTRUCT][CLIENT][DEBUG] Registering crafttweaker.api.tag.TagManagerItem
[20:18:25.921][CONSTRUCT][CLIENT][DEBUG] Registering crafttweaker.api.tag.TagManagerEntityType
[20:18:25.921][CONSTRUCT][CLIENT][DEBUG] Registering crafttweaker.api.tag.TagManagerFluid
[20:18:25.922][CONSTRUCT][CLIENT][DEBUG] Registering crafttweaker.api.game.MCGame
[20:18:25.925][CONSTRUCT][CLIENT][DEBUG] Registering crafttweaker.api.item.MCIngredientTransformed
[20:18:25.930][CONSTRUCT][CLIENT][DEBUG] Registering crafttweaker.api.item.IngredientList
[20:18:25.931][CONSTRUCT][CLIENT][DEBUG] Registering crafttweaker.api.item.MCIngredientConditioned
[20:18:25.933][CONSTRUCT][CLIENT][DEBUG] Registering crafttweaker.api.item.MCWeightedItemStack
[20:18:25.933][CONSTRUCT][CLIENT][DEBUG] Registering crafttweaker.api.food.MCFood
[20:18:25.935][CONSTRUCT][CLIENT][DEBUG] Registering crafttweaker.api.commands.custom.MCCommandDispatcher
[20:18:25.938][CONSTRUCT][CLIENT][DEBUG] Registering crafttweaker.api.commands.custom.MCCommand
[20:18:25.939][CONSTRUCT][CLIENT][DEBUG] Registering crafttweaker.api.commands.custom.MCParsedArgument
[20:18:25.939][CONSTRUCT][CLIENT][DEBUG] Registering crafttweaker.api.commands.custom.MCCommandNode
[20:18:25.941][CONSTRUCT][CLIENT][DEBUG] Registering crafttweaker.api.commands.custom.MCRootCommandNode
[20:18:25.941][CONSTRUCT][CLIENT][DEBUG] Registering crafttweaker.api.commands.custom.MCAmbiguityConsumer
[20:18:25.942][CONSTRUCT][CLIENT][DEBUG] Registering crafttweaker.api.commands.custom.MCCommandContextBuilder
[20:18:25.942][CONSTRUCT][CLIENT][DEBUG] Registering crafttweaker.api.commands.custom.MCImmutableStringReader
[20:18:25.944][CONSTRUCT][CLIENT][DEBUG] Registering crafttweaker.api.commands.custom.MCArgumentCommandNode
[20:18:25.945][CONSTRUCT][CLIENT][DEBUG] Registering crafttweaker.api.commands.custom.MCSuggestionsBuilder
[20:18:25.951][CONSTRUCT][CLIENT][DEBUG] Registering crafttweaker.api.commands.custom.MCSingleRedirectModifier
[20:18:25.952][CONSTRUCT][CLIENT][DEBUG] Registering crafttweaker.api.commands.custom.MCLiteralCommandNode
[20:18:25.952][CONSTRUCT][CLIENT][DEBUG] Registering crafttweaker.api.commands.custom.MCResultConsumer
[20:18:25.953][CONSTRUCT][CLIENT][DEBUG] Registering crafttweaker.api.commands.custom.MCRequiredArgumentBuilder
[20:18:25.954][CONSTRUCT][CLIENT][DEBUG] Registering crafttweaker.api.commands.custom.MCParseResults
[20:18:25.954][CONSTRUCT][CLIENT][DEBUG] Registering crafttweaker.api.commands.custom.MCCommandSource
[20:18:25.954][CONSTRUCT][CLIENT][DEBUG] Registering crafttweaker.api.commands.custom.CustomCommands
[20:18:25.955][CONSTRUCT][CLIENT][DEBUG] Registering crafttweaker.api.commands.custom.MCStringRange
[20:18:25.956][CONSTRUCT][CLIENT][DEBUG] Registering crafttweaker.api.commands.custom.MCLiteralArgumentBuilder
[20:18:25.957][CONSTRUCT][CLIENT][DEBUG] Registering crafttweaker.api.commands.custom.MCParsedCommandNode
[20:18:25.957][CONSTRUCT][CLIENT][DEBUG] Registering crafttweaker.api.commands.custom.MCRedirectModifier
[20:18:25.958][CONSTRUCT][CLIENT][DEBUG] Registering crafttweaker.api.commands.custom.MCSuggestion
[20:18:25.959][CONSTRUCT][CLIENT][DEBUG] Registering crafttweaker.api.commands.custom.MCArgumentBuilder
[20:18:25.959][CONSTRUCT][CLIENT][DEBUG] Registering crafttweaker.api.commands.custom.MCCommandContext
[20:18:25.960][CONSTRUCT][CLIENT][DEBUG] Registering crafttweaker.api.commands.custom.MCSuggestionProvider
[20:18:25.961][CONSTRUCT][CLIENT][DEBUG] Registering crafttweaker.api.commands.custom.MCSuggestionContext
[20:18:25.964][CONSTRUCT][CLIENT][DEBUG] Registering crafttweaker.api.commands.custom.MCSuggestions
[20:18:25.985][CONSTRUCT][CLIENT][DEBUG] Registering Native TagManager with TagFolder 'blocks'
[20:18:25.986][CONSTRUCT][CLIENT][DEBUG] Registering Native TagManager with TagFolder 'items'
[20:18:25.986][CONSTRUCT][CLIENT][DEBUG] Registering Native TagManager with TagFolder 'entity_types'
[20:18:25.986][CONSTRUCT][CLIENT][DEBUG] Registering Native TagManager with TagFolder 'fluids'
[20:18:25.986][CONSTRUCT][CLIENT][INFO] Completed building internal Registries
[20:18:29.049][LOAD_REGISTRIES][CLIENT][DEBUG] Setting up Tag Managers
[20:18:29.050][LOAD_REGISTRIES][CLIENT][DEBUG] Creating Wrapper TagManager for type 'minecraft:potion' with tag folder 'potions'
[20:18:29.050][LOAD_REGISTRIES][CLIENT][DEBUG] Creating Wrapper TagManager for type 'minecraft:enchantment' with tag folder 'enchantments'
[20:18:29.050][LOAD_REGISTRIES][CLIENT][DEBUG] Creating Wrapper TagManager for type 'minecraft:block_entity_type' with tag folder 'tile_entity_types'
[20:18:29.050][LOAD_REGISTRIES][CLIENT][DEBUG] Could not register tag manager for tile_entity_types
[20:18:29.050][LOAD_REGISTRIES][CLIENT][DEBUG] Finished setting up Tag Managers
[20:18:30.943][COMMON_SETUP][CLIENT][INFO] Started loading Scripts for Loader 'setupCommon'!
[20:18:30.945][COMMON_SETUP][CLIENT][DEBUG] This is a first run. All IActions will be applied.
[20:18:31.159][COMMON_SETUP][CLIENT][DEBUG] Could not get class for type string[string] attempting to do stuff anyways
[20:18:31.159][COMMON_SETUP][CLIENT][DEBUG] Could not get class for type string[string] attempting to do stuff anyways
[20:18:31.159][COMMON_SETUP][CLIENT][DEBUG] Could not get class for type IData[string] attempting to do stuff anyways
[20:18:31.161][COMMON_SETUP][CLIENT][DEBUG] Could not get class for type IData[] attempting to do stuff anyways
[20:18:31.177][COMMON_SETUP][CLIENT][DEBUG] This is loader 'setupCommon' run #1
[20:18:31.291][COMMON_SETUP][CLIENT][INFO] Finished loading Scripts!
